<?xml version="1.0" encoding="UTF-8"?>
<testsuite name="eu.busi.projetpizza.dataAcces.util.UserConverterTest" time="0" tests="4" errors="0" skipped="0" failures="0">
  <properties>
[...]
</properties>
  <testcase name="testToEntityAllFields" classname="eu.busi.projetpizza.dataAcces.util.UserConverterTest" time="0"/>
  <testcase name="testToUserEntityAllFields" classname="eu.busi.projetpizza.dataAcces.util.UserConverterTest" time="0"/>
  <testcase name="testUserModelNullToUserEntity" classname="eu.busi.projetpizza.dataAcces.util.UserConverterTest" time="0"/>
  <testcase name="testUserEntityNullToUserModel" classname="eu.busi.projetpizza.dataAcces.util.UserConverterTest" time="0"/>
</testsuite>